<?xml version="1.0" encoding="UTF-8"?>
<!-- Generated by org.testng.reporters.JUnitReportReporter -->
<testsuite hostname="DESKTOP-OHA4CMJ" name="org.b3log.latke.util.StopwatchsTestCase" tests="31" failures="0" timestamp="4 Dec 2018 02:07:29 GMT" time="2.596" errors="0">
  <testcase name="getTimingStat" time="0.083" classname="org.b3log.latke.util.StopwatchsTestCase"/>
  <testcase name="getTimingStat" time="0.083" classname="org.b3log.latke.util.StopwatchsTestCase"/>
  <testcase name="getTimingStat" time="0.088" classname="org.b3log.latke.util.StopwatchsTestCase"/>
  <testcase name="getTimingStat" time="0.083" classname="org.b3log.latke.util.StopwatchsTestCase"/>
  <testcase name="getTimingStat" time="0.083" classname="org.b3log.latke.util.StopwatchsTestCase"/>
  <testcase name="getTimingStat" time="0.083" classname="org.b3log.latke.util.StopwatchsTestCase"/>
  <testcase name="getTimingStat" time="0.083" classname="org.b3log.latke.util.StopwatchsTestCase"/>
  <testcase name="getTimingStat" time="0.083" classname="org.b3log.latke.util.StopwatchsTestCase"/>
  <testcase name="getTimingStat" time="0.083" classname="org.b3log.latke.util.StopwatchsTestCase"/>
  <testcase name="getTimingStat" time="0.083" classname="org.b3log.latke.util.StopwatchsTestCase"/>
  <testcase name="getTimingStat" time="0.083" classname="org.b3log.latke.util.StopwatchsTestCase"/>
  <testcase name="getTimingStat" time="0.083" classname="org.b3log.latke.util.StopwatchsTestCase"/>
  <testcase name="getTimingStat" time="0.083" classname="org.b3log.latke.util.StopwatchsTestCase"/>
  <testcase name="getTimingStat" time="0.083" classname="org.b3log.latke.util.StopwatchsTestCase"/>
  <testcase name="getTimingStat" time="0.083" classname="org.b3log.latke.util.StopwatchsTestCase"/>
  <testcase name="getTimingStat" time="0.083" classname="org.b3log.latke.util.StopwatchsTestCase"/>
  <testcase name="getTimingStat" time="0.088" classname="org.b3log.latke.util.StopwatchsTestCase"/>
  <testcase name="getTimingStat" time="0.083" classname="org.b3log.latke.util.StopwatchsTestCase"/>
  <testcase name="getTimingStat" time="0.083" classname="org.b3log.latke.util.StopwatchsTestCase"/>
  <testcase name="getTimingStat" time="0.083" classname="org.b3log.latke.util.StopwatchsTestCase"/>
  <testcase name="getTimingStat" time="0.083" classname="org.b3log.latke.util.StopwatchsTestCase"/>
  <testcase name="getTimingStatWhileException" time="0.091" classname="org.b3log.latke.util.StopwatchsTestCase"/>
  <testcase name="getTimingStat" time="0.083" classname="org.b3log.latke.util.StopwatchsTestCase"/>
  <testcase name="getTimingStat" time="0.083" classname="org.b3log.latke.util.StopwatchsTestCase"/>
  <testcase name="getTimingStat" time="0.088" classname="org.b3log.latke.util.StopwatchsTestCase"/>
  <testcase name="getTimingStat" time="0.083" classname="org.b3log.latke.util.StopwatchsTestCase"/>
  <testcase name="getTimingStat" time="0.083" classname="org.b3log.latke.util.StopwatchsTestCase"/>
  <testcase name="getTimingStat" time="0.083" classname="org.b3log.latke.util.StopwatchsTestCase"/>
  <testcase name="getTimingStat" time="0.083" classname="org.b3log.latke.util.StopwatchsTestCase"/>
  <testcase name="getTimingStat" time="0.083" classname="org.b3log.latke.util.StopwatchsTestCase"/>
  <testcase name="getTimingStat" time="0.083" classname="org.b3log.latke.util.StopwatchsTestCase"/>
</testsuite>
