<?xml version="1.0" encoding="UTF-8"?>
<!-- Generated by org.testng.reporters.JUnitReportReporter -->
<testsuite hostname="DESKTOP-OHA4CMJ" name="org.b3log.latke.event.EventManagerTestCase" tests="1" failures="0" timestamp="4 Dec 2018 01:53:32 GMT" time="4.084" errors="0">
  <testcase name="test" time="4.084" classname="org.b3log.latke.event.EventManagerTestCase"/>
</testsuite>
