<?xml version="1.0" encoding="UTF-8"?>
<!-- Generated by org.testng.reporters.JUnitReportReporter -->
<testsuite hostname="DESKTOP-OHA4CMJ" name="org.b3log.latke.util.StopwatchsTestCase" tests="31" failures="0" timestamp="4 Dec 2018 01:53:32 GMT" time="2.628" errors="0">
  <testcase name="getTimingStat" time="0.084" classname="org.b3log.latke.util.StopwatchsTestCase"/>
  <testcase name="getTimingStat" time="0.092" classname="org.b3log.latke.util.StopwatchsTestCase"/>
  <testcase name="getTimingStat" time="0.084" classname="org.b3log.latke.util.StopwatchsTestCase"/>
  <testcase name="getTimingStat" time="0.084" classname="org.b3log.latke.util.StopwatchsTestCase"/>
  <testcase name="getTimingStat" time="0.082" classname="org.b3log.latke.util.StopwatchsTestCase"/>
  <testcase name="getTimingStat" time="0.081" classname="org.b3log.latke.util.StopwatchsTestCase"/>
  <testcase name="getTimingStat" time="0.082" classname="org.b3log.latke.util.StopwatchsTestCase"/>
  <testcase name="getTimingStat" time="0.092" classname="org.b3log.latke.util.StopwatchsTestCase"/>
  <testcase name="getTimingStat" time="0.084" classname="org.b3log.latke.util.StopwatchsTestCase"/>
  <testcase name="getTimingStat" time="0.082" classname="org.b3log.latke.util.StopwatchsTestCase"/>
  <testcase name="getTimingStat" time="0.092" classname="org.b3log.latke.util.StopwatchsTestCase"/>
  <testcase name="getTimingStat" time="0.081" classname="org.b3log.latke.util.StopwatchsTestCase"/>
  <testcase name="getTimingStat" time="0.082" classname="org.b3log.latke.util.StopwatchsTestCase"/>
  <testcase name="getTimingStat" time="0.082" classname="org.b3log.latke.util.StopwatchsTestCase"/>
  <testcase name="getTimingStat" time="0.082" classname="org.b3log.latke.util.StopwatchsTestCase"/>
  <testcase name="getTimingStat" time="0.082" classname="org.b3log.latke.util.StopwatchsTestCase"/>
  <testcase name="getTimingStat" time="0.081" classname="org.b3log.latke.util.StopwatchsTestCase"/>
  <testcase name="getTimingStat" time="0.081" classname="org.b3log.latke.util.StopwatchsTestCase"/>
  <testcase name="getTimingStat" time="0.082" classname="org.b3log.latke.util.StopwatchsTestCase"/>
  <testcase name="getTimingStat" time="0.082" classname="org.b3log.latke.util.StopwatchsTestCase"/>
  <testcase name="getTimingStat" time="0.082" classname="org.b3log.latke.util.StopwatchsTestCase"/>
  <testcase name="getTimingStat" time="0.096" classname="org.b3log.latke.util.StopwatchsTestCase"/>
  <testcase name="getTimingStat" time="0.096" classname="org.b3log.latke.util.StopwatchsTestCase"/>
  <testcase name="getTimingStat" time="0.082" classname="org.b3log.latke.util.StopwatchsTestCase"/>
  <testcase name="getTimingStat" time="0.082" classname="org.b3log.latke.util.StopwatchsTestCase"/>
  <testcase name="getTimingStatWhileException" time="0.105" classname="org.b3log.latke.util.StopwatchsTestCase"/>
  <testcase name="getTimingStat" time="0.082" classname="org.b3log.latke.util.StopwatchsTestCase"/>
  <testcase name="getTimingStat" time="0.081" classname="org.b3log.latke.util.StopwatchsTestCase"/>
  <testcase name="getTimingStat" time="0.082" classname="org.b3log.latke.util.StopwatchsTestCase"/>
  <testcase name="getTimingStat" time="0.084" classname="org.b3log.latke.util.StopwatchsTestCase"/>
  <testcase name="getTimingStat" time="0.082" classname="org.b3log.latke.util.StopwatchsTestCase"/>
</testsuite>
