<?xml version="1.0" encoding="UTF-8"?>
<!-- Generated by org.testng.reporters.JUnitReportReporter -->
<testsuite hostname="DESKTOP-OHA4CMJ" name="org.b3log.latke.servlet.RequestDispachTestCase" tests="10" failures="0" timestamp="4 Dec 2018 02:07:29 GMT" time="1.482" errors="0">
  <testcase name="testBaseInvoke2" time="0.149" classname="org.b3log.latke.servlet.RequestDispachTestCase"/>
  <testcase name="testBaseInvoke7" time="0.149" classname="org.b3log.latke.servlet.RequestDispachTestCase"/>
  <testcase name="testFunctionalRouting" time="0.147" classname="org.b3log.latke.servlet.RequestDispachTestCase"/>
  <testcase name="testBaseInvoke3" time="0.149" classname="org.b3log.latke.servlet.RequestDispachTestCase"/>
  <testcase name="testAntPathMatch" time="0.147" classname="org.b3log.latke.servlet.RequestDispachTestCase"/>
  <testcase name="testBaseInvoke6" time="0.149" classname="org.b3log.latke.servlet.RequestDispachTestCase"/>
  <testcase name="testBaseInvoke4" time="0.149" classname="org.b3log.latke.servlet.RequestDispachTestCase"/>
  <testcase name="testRetVoid" time="0.147" classname="org.b3log.latke.servlet.RequestDispachTestCase"/>
  <testcase name="testBaseInvoke1" time="0.147" classname="org.b3log.latke.servlet.RequestDispachTestCase"/>
  <testcase name="testBaseInvoke5" time="0.149" classname="org.b3log.latke.servlet.RequestDispachTestCase"/>
</testsuite>
