<?xml version="1.0" encoding="UTF-8"?>
<!-- Generated by org.testng.reporters.JUnitReportReporter -->
<testsuite hostname="DESKTOP-OHA4CMJ" name="org.b3log.latke.util.DefaultMatcherTestCase" tests="5" failures="0" timestamp="4 Dec 2018 01:53:32 GMT" time="0.044" errors="0">
  <testcase name="matchError" time="0.003" classname="org.b3log.latke.util.DefaultMatcherTestCase"/>
  <testcase name="matchUpercaseOK" time="0.008" classname="org.b3log.latke.util.DefaultMatcherTestCase"/>
  <testcase name="matchLowercaseAndUpercaseOK" time="0.013" classname="org.b3log.latke.util.DefaultMatcherTestCase"/>
  <testcase name="matchLowercaseOK" time="0.008" classname="org.b3log.latke.util.DefaultMatcherTestCase"/>
  <testcase name="match" time="0.012" classname="org.b3log.latke.util.DefaultMatcherTestCase"/>
</testsuite>
