<?xml version="1.0" encoding="UTF-8"?>
<!-- Generated by org.testng.reporters.JUnitReportReporter -->
<testsuite hostname="DESKTOP-OHA4CMJ" name="org.b3log.latke.util.ReflectionsTestCase" tests="1" failures="0" timestamp="4 Dec 2018 02:07:29 GMT" time="0.030" errors="0">
  <testcase name="getMethodVariableNames" time="0.030" classname="org.b3log.latke.util.ReflectionsTestCase"/>
</testsuite>
