<?xml version="1.0" encoding="UTF-8"?>
<!-- Generated by org.testng.reporters.JUnitReportReporter -->
<testsuite hostname="DESKTOP-OHA4CMJ" name="org.b3log.latke.util.StringsTestCase" tests="5" failures="0" timestamp="4 Dec 2018 01:53:32 GMT" time="0.091" errors="0">
  <testcase name="contains" time="0.019" classname="org.b3log.latke.util.StringsTestCase"/>
  <testcase name="containsIgnoreCase" time="0.019" classname="org.b3log.latke.util.StringsTestCase"/>
  <testcase name="isEmail" time="0.016" classname="org.b3log.latke.util.StringsTestCase"/>
  <testcase name="isURL" time="0.015" classname="org.b3log.latke.util.StringsTestCase"/>
  <testcase name="trimAll" time="0.022" classname="org.b3log.latke.util.StringsTestCase"/>
</testsuite>
