<?xml version="1.0" encoding="UTF-8"?>
<!-- Generated by org.testng.reporters.JUnitReportReporter -->
<testsuite hostname="DESKTOP-OHA4CMJ" name="org.b3log.latke.util.DefaultMatcherTestCase" tests="5" failures="0" timestamp="4 Dec 2018 02:07:29 GMT" time="0.085" errors="0">
  <testcase name="matchError" time="0.012" classname="org.b3log.latke.util.DefaultMatcherTestCase"/>
  <testcase name="matchLowercaseOK" time="0.011" classname="org.b3log.latke.util.DefaultMatcherTestCase"/>
  <testcase name="match" time="0.022" classname="org.b3log.latke.util.DefaultMatcherTestCase"/>
  <testcase name="matchUpercaseOK" time="0.015" classname="org.b3log.latke.util.DefaultMatcherTestCase"/>
  <testcase name="matchLowercaseAndUpercaseOK" time="0.025" classname="org.b3log.latke.util.DefaultMatcherTestCase"/>
</testsuite>
