<?xml version="1.0" encoding="UTF-8"?>
<!-- Generated by org.testng.reporters.JUnitReportReporter -->
<testsuite hostname="DESKTOP-OHA4CMJ" name="org.b3log.latke.cache.redis.RedisCacheTestCase" tests="1" failures="0" timestamp="4 Dec 2018 02:07:29 GMT" time="2.169" errors="0">
  <testcase name="put" time="2.169" classname="org.b3log.latke.cache.redis.RedisCacheTestCase"/>
</testsuite>
