<?xml version="1.0" encoding="UTF-8" ?>
<testsuite tests="60" failures="0" name="TestSuite" time="8.657" errors="0" skipped="0">
  <properties>
    <property name="idea.version" value="2018.2.7"/>
    <property name="java.runtime.name" value="Java(TM) SE Runtime Environment"/>
    <property name="sun.boot.library.path" value="C:\Program Files\Java\jdk1.8.0_172\jre\bin"/>
    <property name="java.vm.version" value="25.172-b11"/>
    <property name="java.vm.vendor" value="Oracle Corporation"/>
    <property name="maven.multiModuleProjectDirectory" value="D:\b3log\latke"/>
    <property name="java.vendor.url" value="http://java.oracle.com/"/>
    <property name="path.separator" value=";"/>
    <property name="guice.disable.misplaced.annotation.check" value="true"/>
    <property name="java.vm.name" value="Java HotSpot(TM) 64-Bit Server VM"/>
    <property name="file.encoding.pkg" value="sun.io"/>
    <property name="user.script" value=""/>
    <property name="user.country" value="CN"/>
    <property name="sun.java.launcher" value="SUN_STANDARD"/>
    <property name="sun.os.patch.level" value=""/>
    <property name="java.vm.specification.name" value="Java Virtual Machine Specification"/>
    <property name="user.dir" value="D:\b3log\latke"/>
    <property name="java.runtime.version" value="1.8.0_172-b11"/>
    <property name="java.awt.graphicsenv" value="sun.awt.Win32GraphicsEnvironment"/>
    <property name="java.endorsed.dirs" value="C:\Program Files\Java\jdk1.8.0_172\jre\lib\endorsed"/>
    <property name="os.arch" value="amd64"/>
    <property name="java.io.tmpdir" value="C:\Users\DL882\AppData\Local\Temp\"/>
    <property name="line.separator" value="
"/>
    <property name="java.vm.specification.vendor" value="Oracle Corporation"/>
    <property name="user.variant" value=""/>
    <property name="os.name" value="Windows 10"/>
    <property name="classworlds.conf" value="D:\apache-maven-3.5.4\bin\m2.conf"/>
    <property name="sun.jnu.encoding" value="GBK"/>
    <property name="java.library.path" value="C:\Program Files\Java\jdk1.8.0_172\bin;C:\WINDOWS\Sun\Java\bin;C:\WINDOWS\system32;C:\WINDOWS;C:\Program Files (x86)\Common Files\Oracle\Java\javapath;C:\Program Files (x86)\Intel\Intel(R) Management Engine Components\iCLS\;C:\Program Files\Intel\Intel(R) Management Engine Components\iCLS\;C:\Windows\system32;C:\Windows;C:\Windows\System32\Wbem;C:\Windows\System32\WindowsPowerShell\v1.0\;C:\Program Files (x86)\NVIDIA Corporation\PhysX\Common;C:\Program Files (x86)\Intel\Intel(R) Management Engine Components\DAL;C:\Program Files\Intel\Intel(R) Management Engine Components\DAL;C:\Program Files (x86)\Intel\Intel(R) Management Engine Components\IPT;C:\Program Files\Intel\Intel(R) Management Engine Components\IPT;C:\Program Files\Intel\WiFi\bin\;C:\Program Files\Common Files\Intel\WirelessCommon\;C:\Program Files\nodejs\;C:\Program Files (x86)\Gpg4win\..\GnuPG\bin;D:\go\bin;C:\TDM-GCC-64\bin;C:\WINDOWS\system32;C:\WINDOWS;C:\WINDOWS\System32\Wbem;C:\WINDOWS\System32\WindowsPowerShell\v1.0\;C:\WINDOWS\System32\OpenSSH\;C:\Program Files\Git\cmd;C:\Users\DL882\AppData\Local\Microsoft\WindowsApps;C:\Users\DL882\AppData\Local\GitHubDesktop\bin;C:\Users\DL882\AppData\Roaming\npm;C:\Users\DL882\AppData\Local\Microsoft\WindowsApps;D:\apache-maven-3.5.4\bin;C:\Users\DL882\AppData\Local\Programs\Fiddler;C:\Program Files\Java\jdk1.8.0_172\bin;;."/>
    <property name="maven.conf" value="D:\apache-maven-3.5.4/conf"/>
    <property name="java.specification.name" value="Java Platform API Specification"/>
    <property name="java.class.version" value="52.0"/>
    <property name="sun.management.compiler" value="HotSpot 64-Bit Tiered Compilers"/>
    <property name="os.version" value="10.0"/>
    <property name="user.home" value="C:\Users\DL882"/>
    <property name="user.timezone" value="Asia/Shanghai"/>
    <property name="java.awt.printerjob" value="sun.awt.windows.WPrinterJob"/>
    <property name="java.specification.version" value="1.8"/>
    <property name="file.encoding" value="UTF-8"/>
    <property name="user.name" value="DL882"/>
    <property name="java.class.path" value="D:\apache-maven-3.5.4\boot\plexus-classworlds-2.5.2.jar;C:\Program Files\JetBrains\IntelliJ IDEA 2018.2.1\lib\idea_rt.jar"/>
    <property name="java.vm.specification.version" value="1.8"/>
    <property name="sun.arch.data.model" value="64"/>
    <property name="java.home" value="C:\Program Files\Java\jdk1.8.0_172\jre"/>
    <property name="sun.java.command" value="org.codehaus.classworlds.Launcher -Didea.version=2018.2.7 clean license:format install"/>
    <property name="java.specification.vendor" value="Oracle Corporation"/>
    <property name="user.language" value="zh"/>
    <property name="awt.toolkit" value="sun.awt.windows.WToolkit"/>
    <property name="java.vm.info" value="mixed mode"/>
    <property name="java.version" value="1.8.0_172"/>
    <property name="java.ext.dirs" value="C:\Program Files\Java\jdk1.8.0_172\jre\lib\ext;C:\WINDOWS\Sun\Java\lib\ext"/>
    <property name="sun.boot.class.path" value="C:\Program Files\Java\jdk1.8.0_172\jre\lib\resources.jar;C:\Program Files\Java\jdk1.8.0_172\jre\lib\rt.jar;C:\Program Files\Java\jdk1.8.0_172\jre\lib\sunrsasign.jar;C:\Program Files\Java\jdk1.8.0_172\jre\lib\jsse.jar;C:\Program Files\Java\jdk1.8.0_172\jre\lib\jce.jar;C:\Program Files\Java\jdk1.8.0_172\jre\lib\charsets.jar;C:\Program Files\Java\jdk1.8.0_172\jre\lib\jfr.jar;C:\Program Files\Java\jdk1.8.0_172\jre\classes"/>
    <property name="java.vendor" value="Oracle Corporation"/>
    <property name="maven.home" value="D:\apache-maven-3.5.4"/>
    <property name="file.separator" value="\"/>
    <property name="java.vendor.url.bug" value="http://bugreport.sun.com/bugreport/"/>
    <property name="sun.cpu.endian" value="little"/>
    <property name="sun.io.unicode.encoding" value="UnicodeLittle"/>
    <property name="sun.desktop" value="windows"/>
    <property name="sun.cpu.isalist" value="amd64"/>
  </properties>
  <testcase classname="org.b3log.latke.ioc.setup.SetupUnitTest" name="bean3Say" time="0.002"/>
  <testcase classname="org.b3log.latke.ioc.inherit.InheritTest" name="hello" time="0"/>
  <testcase classname="org.b3log.latke.util.AntPathMatcherTestCase" name="match" time="0.004"/>
  <testcase classname="org.b3log.latke.util.StringsTestCase" name="isURL" time="0.001"/>
  <testcase classname="org.b3log.latke.util.StringsTestCase" name="isEmail" time="0.001"/>
  <testcase classname="org.b3log.latke.util.StringsTestCase" name="contains" time="0.004"/>
  <testcase classname="org.b3log.latke.util.StringsTestCase" name="containsIgnoreCase" time="0.004"/>
  <testcase classname="org.b3log.latke.util.ReflectionsTestCase" name="getMethodVariableNames" time="0"/>
  <testcase classname="org.b3log.latke.util.StringsTestCase" name="trimAll" time="0.002"/>
  <testcase classname="org.b3log.latke.util.DefaultMatcherTestCase" name="matchError" time="0.001"/>
  <testcase classname="org.b3log.latke.LatkesTestCase" name="init" time="0.001"/>
  <testcase classname="org.b3log.latke.util.ExecsTestCase" name="exec" time="0"/>
  <testcase classname="org.b3log.latke.util.DefaultMatcherTestCase" name="match" time="0.003"/>
  <testcase classname="org.b3log.latke.util.DefaultMatcherTestCase" name="matchLowercaseOK" time="0.003"/>
  <testcase classname="org.b3log.latke.util.DefaultMatcherTestCase" name="matchLowercaseAndUpercaseOK" time="0.003"/>
  <testcase classname="org.b3log.latke.util.DefaultMatcherTestCase" name="matchUpercaseOK" time="0.003"/>
  <testcase classname="org.b3log.latke.util.StaticResourcesTestCase" name="isStatic" time="0.056"/>
  <testcase classname="org.b3log.latke.util.StopwatchsTestCase" name="getTimingStat" time="0.082"/>
  <testcase classname="org.b3log.latke.util.StopwatchsTestCase" name="getTimingStat" time="0.082"/>
  <testcase classname="org.b3log.latke.util.StopwatchsTestCase" name="getTimingStat" time="0.082"/>
  <testcase classname="org.b3log.latke.util.StopwatchsTestCase" name="getTimingStat" time="0.082"/>
  <testcase classname="org.b3log.latke.util.StopwatchsTestCase" name="getTimingStat" time="0.082"/>
  <testcase classname="org.b3log.latke.util.StopwatchsTestCase" name="getTimingStatWhileException" time="0.082"/>
  <testcase classname="org.b3log.latke.servlet.RequestDispachTestCase" name="testFunctionalRouting" time="0.07"/>
  <testcase classname="org.b3log.latke.servlet.RequestDispachTestCase" name="testBaseInvoke1" time="0.07"/>
  <testcase classname="org.b3log.latke.servlet.RequestDispachTestCase" name="testRetVoid" time="0.07"/>
  <testcase classname="org.b3log.latke.servlet.RequestDispachTestCase" name="testAntPathMatch" time="0.07"/>
  <testcase classname="org.b3log.latke.servlet.RequestDispachTestCase" name="testBaseInvoke7" time="0.076"/>
  <testcase classname="org.b3log.latke.servlet.RequestDispachTestCase" name="testBaseInvoke4" time="0.076"/>
  <testcase classname="org.b3log.latke.servlet.RequestDispachTestCase" name="testBaseInvoke3" time="0.076"/>
  <testcase classname="org.b3log.latke.servlet.RequestDispachTestCase" name="testBaseInvoke2" time="0.076"/>
  <testcase classname="org.b3log.latke.servlet.RequestDispachTestCase" name="testBaseInvoke5" time="0.076"/>
  <testcase classname="org.b3log.latke.servlet.RequestDispachTestCase" name="testBaseInvoke6" time="0.076"/>
  <testcase classname="org.b3log.latke.util.StopwatchsTestCase" name="getTimingStat" time="0.082"/>
  <testcase classname="org.b3log.latke.util.StopwatchsTestCase" name="getTimingStat" time="0.082"/>
  <testcase classname="org.b3log.latke.util.StopwatchsTestCase" name="getTimingStat" time="0.082"/>
  <testcase classname="org.b3log.latke.util.StopwatchsTestCase" name="getTimingStat" time="0.082"/>
  <testcase classname="org.b3log.latke.util.StopwatchsTestCase" name="getTimingStat" time="0.082"/>
  <testcase classname="org.b3log.latke.util.StopwatchsTestCase" name="getTimingStat" time="0.082"/>
  <testcase classname="org.b3log.latke.util.StopwatchsTestCase" name="getTimingStat" time="0.082"/>
  <testcase classname="org.b3log.latke.util.StopwatchsTestCase" name="getTimingStat" time="0.082"/>
  <testcase classname="org.b3log.latke.util.StopwatchsTestCase" name="getTimingStat" time="0.082"/>
  <testcase classname="org.b3log.latke.util.StopwatchsTestCase" name="getTimingStat" time="0.082"/>
  <testcase classname="org.b3log.latke.util.StopwatchsTestCase" name="getTimingStat" time="0.084"/>
  <testcase classname="org.b3log.latke.util.StopwatchsTestCase" name="getTimingStat" time="0.084"/>
  <testcase classname="org.b3log.latke.util.StopwatchsTestCase" name="getTimingStat" time="0.084"/>
  <testcase classname="org.b3log.latke.util.StopwatchsTestCase" name="getTimingStat" time="0.084"/>
  <testcase classname="org.b3log.latke.util.StopwatchsTestCase" name="getTimingStat" time="0.084"/>
  <testcase classname="org.b3log.latke.util.StopwatchsTestCase" name="getTimingStat" time="0.08"/>
  <testcase classname="org.b3log.latke.util.StopwatchsTestCase" name="getTimingStat" time="0.08"/>
  <testcase classname="org.b3log.latke.util.StopwatchsTestCase" name="getTimingStat" time="0.08"/>
  <testcase classname="org.b3log.latke.util.StopwatchsTestCase" name="getTimingStat" time="0.001"/>
  <testcase classname="org.b3log.latke.util.StopwatchsTestCase" name="getTimingStat" time="0.001"/>
  <testcase classname="org.b3log.latke.util.StopwatchsTestCase" name="getTimingStat" time="0.081"/>
  <testcase classname="org.b3log.latke.util.StopwatchsTestCase" name="getTimingStat" time="0.081"/>
  <testcase classname="org.b3log.latke.util.StopwatchsTestCase" name="getTimingStat" time="0.081"/>
  <testcase classname="org.b3log.latke.util.StopwatchsTestCase" name="getTimingStat" time="0.082"/>
  <testcase classname="org.b3log.latke.util.StopwatchsTestCase" name="getTimingStat" time="0.082"/>
  <testcase classname="org.b3log.latke.cache.redis.RedisCacheTestCase" name="put" time="1.783"/>
  <testcase classname="org.b3log.latke.event.EventManagerTestCase" name="test" time="3.669"/>
</testsuite>